<?xml version="1.0" encoding="UTF-8"?>
<testsuite xmlns:xsi="http://www.w3.org/2001/XMLSchema-instance" xsi:noNamespaceSchemaLocation="https://maven.apache.org/surefire/maven-failsafe-plugin/xsd/failsafe-test-report.xsd" name="com.gorest.crudtests.UsersCRUDTest" time="8.89" tests="4" errors="0" skipped="0" failures="0">
  <properties>
[...]
</properties>
  <testcase name="test001" classname="com.gorest.crudtests.UsersCRUDTest" time="3.836"/>
  <testcase name="test002" classname="com.gorest.crudtests.UsersCRUDTest" time="0.802"/>
  <testcase name="test003" classname="com.gorest.crudtests.UsersCRUDTest" time="0.776"/>
  <testcase name="test004" classname="com.gorest.crudtests.UsersCRUDTest" time="1.464"/>
</testsuite>